<?xml version="1.0" encoding="UTF-8"?>
<!-- Generated by org.testng.reporters.JUnitXMLReporter -->
<testsuite ignored="0" hostname="DESKTOP-D2V2H1D" failures="0" tests="3" name="settingadmin" time="158.605" errors="0" timestamp="2024-09-10T17:29:16 IST">
  <testcase classname="jenkinscode.settinginvite" name="cutomersettinginvite" time="27.849"/>
  <testcase classname="jenkinscode.settingIniviteadmi" name="cutomersettinginvite" time="54.584"/>
  <testcase classname="jenkinscode.editpremissionsettinginvite" name="editpremissionsettinginvitethreedots" time="76.125"/>
</testsuite> <!-- settingadmin -->
